c:\users\shivam\documents\visual studio 2010\projects\icz-tuts\tut5\debug\tut5.obj
c:\users\shivam\documents\visual studio 2010\projects\icz-tuts\tut5\debug\vc100.pdb
c:\users\shivam\documents\visual studio 2010\projects\icz-tuts\debug\tut5.ilk
c:\users\shivam\documents\visual studio 2010\projects\icz-tuts\debug\tut5.exe
c:\users\shivam\documents\visual studio 2010\projects\icz-tuts\tut5\debug\tut5.exe.intermediate.manifest
c:\users\shivam\documents\visual studio 2010\projects\icz-tuts\debug\tut5.pdb
c:\users\shivam\documents\visual studio 2010\projects\icz-tuts\tut5\debug\tut5.exe.embed.manifest
c:\users\shivam\documents\visual studio 2010\projects\icz-tuts\tut5\debug\tut5.exe.embed.manifest.res
c:\users\shivam\documents\visual studio 2010\projects\icz-tuts\tut5\debug\cl.command.1.tlog
c:\users\shivam\documents\visual studio 2010\projects\icz-tuts\tut5\debug\cl.read.1.tlog
c:\users\shivam\documents\visual studio 2010\projects\icz-tuts\tut5\debug\cl.write.1.tlog
c:\users\shivam\documents\visual studio 2010\projects\icz-tuts\tut5\debug\link-cvtres.read.1.tlog
c:\users\shivam\documents\visual studio 2010\projects\icz-tuts\tut5\debug\link-cvtres.write.1.tlog
c:\users\shivam\documents\visual studio 2010\projects\icz-tuts\tut5\debug\link.7592-cvtres.read.1.tlog
c:\users\shivam\documents\visual studio 2010\projects\icz-tuts\tut5\debug\link.7592-cvtres.write.1.tlog
c:\users\shivam\documents\visual studio 2010\projects\icz-tuts\tut5\debug\link.7592.read.1.tlog
c:\users\shivam\documents\visual studio 2010\projects\icz-tuts\tut5\debug\link.7592.write.1.tlog
c:\users\shivam\documents\visual studio 2010\projects\icz-tuts\tut5\debug\link.command.1.tlog
c:\users\shivam\documents\visual studio 2010\projects\icz-tuts\tut5\debug\link.read.1.tlog
c:\users\shivam\documents\visual studio 2010\projects\icz-tuts\tut5\debug\link.write.1.tlog
c:\users\shivam\documents\visual studio 2010\projects\icz-tuts\tut5\debug\mt.command.1.tlog
c:\users\shivam\documents\visual studio 2010\projects\icz-tuts\tut5\debug\mt.read.1.tlog
c:\users\shivam\documents\visual studio 2010\projects\icz-tuts\tut5\debug\mt.write.1.tlog
c:\users\shivam\documents\visual studio 2010\projects\icz-tuts\tut5\debug\rc.command.1.tlog
c:\users\shivam\documents\visual studio 2010\projects\icz-tuts\tut5\debug\rc.read.1.tlog
c:\users\shivam\documents\visual studio 2010\projects\icz-tuts\tut5\debug\rc.write.1.tlog
c:\users\shivam\documents\visual studio 2010\projects\icz-tuts\tut5\debug\tut5.write.1.tlog
c:\users\shivam\documents\visual studio 2010\projects\icz-tuts\tut5\debug\vc100.idb
c:\users\shivam\documents\visual studio 2010\projects\icz-tuts\tut5\debug\tut5_manifest.rc
