C:\USERS\SHIVAM\DOCUMENTS\VISUAL STUDIO 2010\PROJECTS\ICZ-TUTS\DEBUG\TUT4.EXE
C:\USERS\SHIVAM\DOCUMENTS\VISUAL STUDIO 2010\PROJECTS\ICZ-TUTS\DEBUG\TUT4.ILK
C:\USERS\SHIVAM\DOCUMENTS\VISUAL STUDIO 2010\PROJECTS\ICZ-TUTS\DEBUG\TUT4.PDB
C:\Users\shivam\Documents\Visual Studio 2010\Projects\icz-tuts\tut4\Debug\cl.command.1.tlog
C:\Users\shivam\Documents\Visual Studio 2010\Projects\icz-tuts\tut4\Debug\CL.read.1.tlog
C:\Users\shivam\Documents\Visual Studio 2010\Projects\icz-tuts\tut4\Debug\CL.write.1.tlog
C:\Users\shivam\Documents\Visual Studio 2010\Projects\icz-tuts\tut4\Debug\link.7712.read.1.tlog
C:\Users\shivam\Documents\Visual Studio 2010\Projects\icz-tuts\tut4\Debug\link.7712.write.1.tlog
C:\Users\shivam\Documents\Visual Studio 2010\Projects\icz-tuts\tut4\Debug\link.7712-cvtres.read.1.tlog
C:\Users\shivam\Documents\Visual Studio 2010\Projects\icz-tuts\tut4\Debug\link.7712-cvtres.write.1.tlog
C:\Users\shivam\Documents\Visual Studio 2010\Projects\icz-tuts\tut4\Debug\link.command.1.tlog
C:\Users\shivam\Documents\Visual Studio 2010\Projects\icz-tuts\tut4\Debug\link.read.1.tlog
C:\Users\shivam\Documents\Visual Studio 2010\Projects\icz-tuts\tut4\Debug\link.write.1.tlog
C:\Users\shivam\Documents\Visual Studio 2010\Projects\icz-tuts\tut4\Debug\link-cvtres.read.1.tlog
C:\Users\shivam\Documents\Visual Studio 2010\Projects\icz-tuts\tut4\Debug\link-cvtres.write.1.tlog
C:\Users\shivam\Documents\Visual Studio 2010\Projects\icz-tuts\tut4\Debug\mt.command.1.tlog
C:\Users\shivam\Documents\Visual Studio 2010\Projects\icz-tuts\tut4\Debug\mt.read.1.tlog
C:\Users\shivam\Documents\Visual Studio 2010\Projects\icz-tuts\tut4\Debug\mt.write.1.tlog
C:\Users\shivam\Documents\Visual Studio 2010\Projects\icz-tuts\tut4\Debug\rc.command.1.tlog
C:\Users\shivam\Documents\Visual Studio 2010\Projects\icz-tuts\tut4\Debug\rc.read.1.tlog
C:\Users\shivam\Documents\Visual Studio 2010\Projects\icz-tuts\tut4\Debug\rc.write.1.tlog
C:\USERS\SHIVAM\DOCUMENTS\VISUAL STUDIO 2010\PROJECTS\ICZ-TUTS\TUT4\DEBUG\TUT4.EXE.EMBED.MANIFEST
C:\USERS\SHIVAM\DOCUMENTS\VISUAL STUDIO 2010\PROJECTS\ICZ-TUTS\TUT4\DEBUG\TUT4.EXE.EMBED.MANIFEST.RES
C:\USERS\SHIVAM\DOCUMENTS\VISUAL STUDIO 2010\PROJECTS\ICZ-TUTS\TUT4\DEBUG\TUT4.EXE.INTERMEDIATE.MANIFEST
C:\USERS\SHIVAM\DOCUMENTS\VISUAL STUDIO 2010\PROJECTS\ICZ-TUTS\TUT4\DEBUG\TUT4.OBJ
C:\Users\shivam\Documents\Visual Studio 2010\Projects\icz-tuts\tut4\Debug\tut4.write.1.tlog
C:\Users\shivam\Documents\Visual Studio 2010\Projects\icz-tuts\tut4\Debug\tut4_manifest.rc
C:\Users\shivam\Documents\Visual Studio 2010\Projects\icz-tuts\tut4\Debug\vc100.idb
C:\USERS\SHIVAM\DOCUMENTS\VISUAL STUDIO 2010\PROJECTS\ICZ-TUTS\TUT4\DEBUG\VC100.PDB
