Build started 6/4/2017 12:56:27 AM.
     1>Project "C:\Users\shivam\Documents\Visual Studio 2010\Projects\icz-tuts\tut4\tut4.vcxproj" on node 2 (rebuild target(s)).
     1>_PrepareForClean:
         Deleting file "Debug\tut4.lastbuildstate".
       InitializeBuildStatus:
         Creating "Debug\tut4.unsuccessfulbuild" because "AlwaysCreate" was specified.
       ClCompile:
         C:\Program Files (x86)\Microsoft Visual Studio 10.0\VC\bin\CL.exe /c /ZI /nologo /W3 /WX- /Od /Oy- /D WIN32 /D _DEBUG /D _WINDOWS /D _MBCS /Gm /EHsc /RTC1 /MDd /GS /fp:precise /Zc:wchar_t /Zc:forScope /Fo"Debug\\" /Fd"Debug\vc100.pdb" /Gd /TP /analyze- /errorReport:prompt tut4.cpp
         tut4.cpp
     1>c:\users\shivam\documents\visual studio 2010\projects\icz-tuts\tut4\tut4.cpp(11): warning C4007: 'WinMain' : must be '__stdcall'
       ManifestResourceCompile:
         C:\Program Files (x86)\Microsoft SDKs\Windows\v7.0A\bin\rc.exe /nologo /fo"Debug\tut4.exe.embed.manifest.res" Debug\tut4_manifest.rc 
       Link:
         C:\Program Files (x86)\Microsoft Visual Studio 10.0\VC\bin\link.exe /ERRORREPORT:PROMPT /OUT:"C:\Users\shivam\Documents\Visual Studio 2010\Projects\icz-tuts\Debug\tut4.exe" /INCREMENTAL /NOLOGO kernel32.lib user32.lib gdi32.lib winspool.lib comdlg32.lib advapi32.lib shell32.lib ole32.lib oleaut32.lib uuid.lib odbc32.lib odbccp32.lib /MANIFEST /ManifestFile:"Debug\tut4.exe.intermediate.manifest" /MANIFESTUAC:"level='asInvoker' uiAccess='false'" /DEBUG /PDB:"C:\Users\shivam\Documents\Visual Studio 2010\Projects\icz-tuts\Debug\tut4.pdb" /SUBSYSTEM:WINDOWS /TLBID:1 /DYNAMICBASE /NXCOMPAT /IMPLIB:"C:\Users\shivam\Documents\Visual Studio 2010\Projects\icz-tuts\Debug\tut4.lib" /MACHINE:X86 Debug\tut4.exe.embed.manifest.res
         Debug\tut4.obj
       Manifest:
         Deleting file "Debug\tut4.exe.embed.manifest".
         C:\Program Files (x86)\Microsoft SDKs\Windows\v7.0A\bin\mt.exe /nologo /verbose /out:"Debug\tut4.exe.embed.manifest" /manifest Debug\tut4.exe.intermediate.manifest
         C:\Program Files (x86)\Microsoft SDKs\Windows\v7.0A\bin\rc.exe /nologo /fo"Debug\tut4.exe.embed.manifest.res" Debug\tut4_manifest.rc 
       LinkEmbedManifest:
         C:\Program Files (x86)\Microsoft Visual Studio 10.0\VC\bin\link.exe /ERRORREPORT:PROMPT /OUT:"C:\Users\shivam\Documents\Visual Studio 2010\Projects\icz-tuts\Debug\tut4.exe" /INCREMENTAL /NOLOGO kernel32.lib user32.lib gdi32.lib winspool.lib comdlg32.lib advapi32.lib shell32.lib ole32.lib oleaut32.lib uuid.lib odbc32.lib odbccp32.lib /MANIFEST /ManifestFile:"Debug\tut4.exe.intermediate.manifest" /MANIFESTUAC:"level='asInvoker' uiAccess='false'" /DEBUG /PDB:"C:\Users\shivam\Documents\Visual Studio 2010\Projects\icz-tuts\Debug\tut4.pdb" /SUBSYSTEM:WINDOWS /TLBID:1 /DYNAMICBASE /NXCOMPAT /IMPLIB:"C:\Users\shivam\Documents\Visual Studio 2010\Projects\icz-tuts\Debug\tut4.lib" /MACHINE:X86 Debug\tut4.exe.embed.manifest.res
         Debug\tut4.obj
         tut4.vcxproj -> C:\Users\shivam\Documents\Visual Studio 2010\Projects\icz-tuts\Debug\tut4.exe
       FinalizeBuildStatus:
         Deleting file "Debug\tut4.unsuccessfulbuild".
         Touching "Debug\tut4.lastbuildstate".
     1>Done Building Project "C:\Users\shivam\Documents\Visual Studio 2010\Projects\icz-tuts\tut4\tut4.vcxproj" (rebuild target(s)).

Build succeeded.

Time Elapsed 00:00:02.01
